{
  "stats": {
    "suites": 1,
    "tests": 1,
    "passes": 1,
    "pending": 0,
    "failures": 0,
    "start": "2024-08-14T13:42:22.186Z",
    "end": "2024-08-14T13:42:25.395Z",
    "duration": 3209,
    "testsRegistered": 1,
    "passPercent": 100,
    "pendingPercent": 0,
    "other": 0,
    "hasOther": false,
    "skipped": 0,
    "hasSkipped": false
  },
  "results": [
    {
      "uuid": "299d8b54-22c0-468d-909c-bd68ac21f48d",
      "title": "",
      "fullFile": "cypress\\integration\\login.spec.js",
      "file": "cypress\\integration\\login.spec.js",
      "beforeHooks": [],
      "afterHooks": [],
      "tests": [],
      "suites": [
        {
          "uuid": "2c09a5dc-3c66-43e1-a94c-fc138a604416",
          "title": "Test Login Flow",
          "fullFile": "",
          "file": "",
          "beforeHooks": [],
          "afterHooks": [],
          "tests": [
            {
              "title": "should login user",
              "fullTitle": "Test Login Flow should login user",
              "timedOut": null,
              "duration": 3159,
              "state": "passed",
              "speed": "fast",
              "pass": true,
              "fail": false,
              "pending": false,
              "context": null,
              "code": "cy.visit('/login');\ncy.get('[formControlname=\"email\"]').type(USERNAME);\ncy.get('[formControlname=\"password\"]').type(PASSWORD);\ncy.get('[type=\"submit\"]').click();\ncy.url().should('include', 'admin');",
              "err": {},
              "uuid": "7432b373-6ced-42a5-8fb6-fa1e1e53b164",
              "parentUUID": "2c09a5dc-3c66-43e1-a94c-fc138a604416",
              "isHook": false,
              "skipped": false
            }
          ],
          "suites": [],
          "passes": [
            "7432b373-6ced-42a5-8fb6-fa1e1e53b164"
          ],
          "failures": [],
          "pending": [],
          "skipped": [],
          "duration": 3159,
          "root": false,
          "rootEmpty": false,
          "_timeout": 2000
        }
      ],
      "passes": [],
      "failures": [],
      "pending": [],
      "skipped": [],
      "duration": 0,
      "root": true,
      "rootEmpty": true,
      "_timeout": 2000
    }
  ],
  "meta": {
    "mocha": {
      "version": "7.0.1"
    },
    "mochawesome": {
      "options": {
        "quiet": false,
        "reportFilename": "mochawesome",
        "saveHtml": false,
        "saveJson": true,
        "consoleReporter": "spec",
        "useInlineDiffs": false,
        "code": true
      },
      "version": "7.1.3"
    },
    "marge": {
      "options": {
        "overwrite": false,
        "html": false,
        "json": true
      },
      "version": "6.2.0"
    }
  }
}