{
  "stats": {
    "suites": 1,
    "tests": 4,
    "passes": 4,
    "pending": 0,
    "failures": 0,
    "start": "2024-08-14T13:42:27.225Z",
    "end": "2024-08-14T13:42:37.652Z",
    "duration": 10427,
    "testsRegistered": 4,
    "passPercent": 100,
    "pendingPercent": 0,
    "other": 0,
    "hasOther": false,
    "skipped": 0,
    "hasSkipped": false
  },
  "results": [
    {
      "uuid": "395120dd-b71f-45ae-b6d2-66c410029ad5",
      "title": "",
      "fullFile": "cypress\\integration\\users.spec.js",
      "file": "cypress\\integration\\users.spec.js",
      "beforeHooks": [],
      "afterHooks": [],
      "tests": [],
      "suites": [
        {
          "uuid": "54dc71cd-ef69-4a93-90b4-1757648c4ab4",
          "title": "Admin Dashboard Page",
          "fullFile": "",
          "file": "",
          "beforeHooks": [],
          "afterHooks": [],
          "tests": [
            {
              "title": "should load users table",
              "fullTitle": "Admin Dashboard Page should load users table",
              "timedOut": null,
              "duration": 2999,
              "state": "passed",
              "speed": "fast",
              "pass": true,
              "fail": false,
              "pending": false,
              "context": null,
              "code": "cy.visit('/');\ncy.get('[routerlink=\"users\"]').click();\ncy.get('mat-table', {\n  timeout: 10000\n}).should('be.visible');",
              "err": {},
              "uuid": "0e6b8868-15a2-4927-af0a-b61683c27a15",
              "parentUUID": "54dc71cd-ef69-4a93-90b4-1757648c4ab4",
              "isHook": false,
              "skipped": false
            },
            {
              "title": "should display right column names",
              "fullTitle": "Admin Dashboard Page should display right column names",
              "timedOut": null,
              "duration": 795,
              "state": "passed",
              "speed": "fast",
              "pass": true,
              "fail": false,
              "pending": false,
              "context": null,
              "code": "cy.visit('/users');\ncy.contains('Id');\ncy.contains('Name');\ncy.contains('Username');\ncy.contains('Email');\ncy.contains('Role');",
              "err": {},
              "uuid": "dd2ea199-593c-4261-8bac-4b2e224f2055",
              "parentUUID": "54dc71cd-ef69-4a93-90b4-1757648c4ab4",
              "isHook": false,
              "skipped": false
            },
            {
              "title": "should navigate to next page",
              "fullTitle": "Admin Dashboard Page should navigate to next page",
              "timedOut": null,
              "duration": 772,
              "state": "passed",
              "speed": "fast",
              "pass": true,
              "fail": false,
              "pending": false,
              "context": null,
              "code": "cy.visit('/users');\ncy.get('[aria-label=\"Next page\"]').click();",
              "err": {},
              "uuid": "af5d5d3e-9440-4be4-80a0-e41ae1e56fa1",
              "parentUUID": "54dc71cd-ef69-4a93-90b4-1757648c4ab4",
              "isHook": false,
              "skipped": false
            },
            {
              "title": "should filter users by username",
              "fullTitle": "Admin Dashboard Page should filter users by username",
              "timedOut": null,
              "duration": 5734,
              "state": "passed",
              "speed": "medium",
              "pass": true,
              "fail": false,
              "pending": false,
              "context": null,
              "code": "cy.visit('/users');\ncy.get('[placeholder=\"Search Username\"]').type('ahmed', {\n  force: true\n});\ncy.get('mat-table').find('mat-row').should('have.length', 2);",
              "err": {},
              "uuid": "0b88df1a-b900-4e50-a881-741fb5fb31db",
              "parentUUID": "54dc71cd-ef69-4a93-90b4-1757648c4ab4",
              "isHook": false,
              "skipped": false
            }
          ],
          "suites": [],
          "passes": [
            "0e6b8868-15a2-4927-af0a-b61683c27a15",
            "dd2ea199-593c-4261-8bac-4b2e224f2055",
            "af5d5d3e-9440-4be4-80a0-e41ae1e56fa1",
            "0b88df1a-b900-4e50-a881-741fb5fb31db"
          ],
          "failures": [],
          "pending": [],
          "skipped": [],
          "duration": 10300,
          "root": false,
          "rootEmpty": false,
          "_timeout": 2000
        }
      ],
      "passes": [],
      "failures": [],
      "pending": [],
      "skipped": [],
      "duration": 0,
      "root": true,
      "rootEmpty": true,
      "_timeout": 2000
    }
  ],
  "meta": {
    "mocha": {
      "version": "7.0.1"
    },
    "mochawesome": {
      "options": {
        "quiet": false,
        "reportFilename": "mochawesome",
        "saveHtml": false,
        "saveJson": true,
        "consoleReporter": "spec",
        "useInlineDiffs": false,
        "code": true
      },
      "version": "7.1.3"
    },
    "marge": {
      "options": {
        "overwrite": false,
        "html": false,
        "json": true
      },
      "version": "6.2.0"
    }
  }
}