{
  "stats": {
    "suites": 1,
    "tests": 2,
    "passes": 2,
    "pending": 0,
    "failures": 0,
    "start": "2024-08-14T13:42:17.018Z",
    "end": "2024-08-14T13:42:20.357Z",
    "duration": 3339,
    "testsRegistered": 2,
    "passPercent": 100,
    "pendingPercent": 0,
    "other": 0,
    "hasOther": false,
    "skipped": 0,
    "hasSkipped": false
  },
  "results": [
    {
      "uuid": "383858b5-b3bc-4f50-abfd-ccb7feb4bd75",
      "title": "",
      "fullFile": "cypress\\integration\\homepage.spec.js",
      "file": "cypress\\integration\\homepage.spec.js",
      "beforeHooks": [],
      "afterHooks": [],
      "tests": [],
      "suites": [
        {
          "uuid": "e681a877-ce11-418e-99cb-98d5d3f9fbf2",
          "title": "Homepage",
          "fullFile": "",
          "file": "",
          "beforeHooks": [],
          "afterHooks": [],
          "tests": [
            {
              "title": "should load successfully",
              "fullTitle": "Homepage should load successfully",
              "timedOut": null,
              "duration": 2914,
              "state": "passed",
              "speed": "fast",
              "pass": true,
              "fail": false,
              "pending": false,
              "context": null,
              "code": "cy.visit('/');",
              "err": {},
              "uuid": "621c0f70-3a74-4836-ab3e-66a3359728b2",
              "parentUUID": "e681a877-ce11-418e-99cb-98d5d3f9fbf2",
              "isHook": false,
              "skipped": false
            },
            {
              "title": "should contain right spelled texts ",
              "fullTitle": "Homepage should contain right spelled texts ",
              "timedOut": null,
              "duration": 364,
              "state": "passed",
              "speed": "fast",
              "pass": true,
              "fail": false,
              "pending": false,
              "context": null,
              "code": "cy.visit('/');\ncy.contains('Users');\ncy.contains('Admin');\ncy.get('mat-select').click();\ncy.contains('Login');\ncy.contains('Register');",
              "err": {},
              "uuid": "fcbfadcf-cdf0-41d3-b03e-3a877e64c670",
              "parentUUID": "e681a877-ce11-418e-99cb-98d5d3f9fbf2",
              "isHook": false,
              "skipped": false
            }
          ],
          "suites": [],
          "passes": [
            "621c0f70-3a74-4836-ab3e-66a3359728b2",
            "fcbfadcf-cdf0-41d3-b03e-3a877e64c670"
          ],
          "failures": [],
          "pending": [],
          "skipped": [],
          "duration": 3278,
          "root": false,
          "rootEmpty": false,
          "_timeout": 2000
        }
      ],
      "passes": [],
      "failures": [],
      "pending": [],
      "skipped": [],
      "duration": 0,
      "root": true,
      "rootEmpty": true,
      "_timeout": 2000
    }
  ],
  "meta": {
    "mocha": {
      "version": "7.0.1"
    },
    "mochawesome": {
      "options": {
        "quiet": false,
        "reportFilename": "mochawesome",
        "saveHtml": false,
        "saveJson": true,
        "consoleReporter": "spec",
        "useInlineDiffs": false,
        "code": true
      },
      "version": "7.1.3"
    },
    "marge": {
      "options": {
        "overwrite": false,
        "html": false,
        "json": true
      },
      "version": "6.2.0"
    }
  }
}